<?xml version="1.0" encoding="UTF-8"?>
<coverage generated="1746889206177" clover="3.2.0">
  <project timestamp="1746889206177" name="All files">
    <metrics statements="26" coveredstatements="25" conditionals="2" coveredconditionals="1" methods="4" coveredmethods="4" elements="32" coveredelements="30" complexity="0" loc="26" ncloc="26" packages="1" files="1" classes="1"/>
    <file name="encryption.js" path="C:\Users\User\Documents\Github\DSSCW\app\encryption.js">
      <metrics statements="26" coveredstatements="25" conditionals="2" coveredconditionals="1" methods="4" coveredmethods="4"/>
      <line num="1" count="1" type="stmt"/>
      <line num="2" count="1" type="cond" truecount="1" falsecount="1"/>
      <line num="3" count="1" type="stmt"/>
      <line num="5" count="0" type="stmt"/>
      <line num="15" count="1" type="stmt"/>
      <line num="16" count="1" type="stmt"/>
      <line num="17" count="1" type="stmt"/>
      <line num="18" count="1" type="stmt"/>
      <line num="37" count="3" type="stmt"/>
      <line num="39" count="3" type="stmt"/>
      <line num="41" count="3" type="stmt"/>
      <line num="43" count="3" type="stmt"/>
      <line num="44" count="3" type="stmt"/>
      <line num="51" count="3" type="stmt"/>
      <line num="53" count="3" type="stmt"/>
      <line num="55" count="3" type="stmt"/>
      <line num="57" count="2" type="stmt"/>
      <line num="58" count="2" type="stmt"/>
      <line num="83" count="6" type="stmt"/>
      <line num="84" count="6" type="stmt"/>
      <line num="89" count="6" type="stmt"/>
      <line num="91" count="6" type="stmt"/>
      <line num="101" count="2" type="stmt"/>
      <line num="103" count="2" type="stmt"/>
      <line num="105" count="2" type="stmt"/>
      <line num="113" count="1" type="stmt"/>
    </file>
  </project>
</coverage>
