{"C:\\Users\\User\\Documents\\Github\\DSSCW\\app\\encryption.js": {"path":"C:\\Users\\User\\Documents\\Github\\DSSCW\\app\\encryption.js","statementMap":{"0":{"start":{"line":1,"column":15},"end":{"line":1,"column":32}},"1":{"start":{"line":2,"column":0},"end":{"line":6,"column":1}},"2":{"start":{"line":3,"column":4},"end":{"line":3,"column":52}},"3":{"start":{"line":5,"column":4},"end":{"line":5,"column":31}},"4":{"start":{"line":15,"column":18},"end":{"line":15,"column":39}},"5":{"start":{"line":16,"column":12},"end":{"line":16,"column":58}},"6":{"start":{"line":17,"column":11},"end":{"line":17,"column":45}},"7":{"start":{"line":18,"column":15},"end":{"line":18,"column":33}},"8":{"start":{"line":37,"column":19},"end":{"line":37,"column":60}},"9":{"start":{"line":39,"column":20},"end":{"line":39,"column":55}},"10":{"start":{"line":41,"column":4},"end":{"line":41,"column":37}},"11":{"start":{"line":43,"column":4},"end":{"line":43,"column":30}},"12":{"start":{"line":44,"column":4},"end":{"line":44,"column":25}},"13":{"start":{"line":51,"column":21},"end":{"line":51,"column":64}},"14":{"start":{"line":53,"column":20},"end":{"line":53,"column":66}},"15":{"start":{"line":55,"column":4},"end":{"line":55,"column":41}},"16":{"start":{"line":57,"column":4},"end":{"line":57,"column":30}},"17":{"start":{"line":58,"column":4},"end":{"line":58,"column":25}},"18":{"start":{"line":83,"column":17},"end":{"line":83,"column":55}},"19":{"start":{"line":84,"column":21},"end":{"line":84,"column":38}},"20":{"start":{"line":89,"column":17},"end":{"line":89,"column":88}},"21":{"start":{"line":91,"column":4},"end":{"line":94,"column":5}},"22":{"start":{"line":101,"column":21},"end":{"line":101,"column":38}},"23":{"start":{"line":103,"column":17},"end":{"line":103,"column":88}},"24":{"start":{"line":105,"column":4},"end":{"line":105,"column":31}},"25":{"start":{"line":113,"column":0},"end":{"line":113,"column":66}}},"fnMap":{"0":{"name":"encrypt","decl":{"start":{"line":35,"column":9},"end":{"line":35,"column":16}},"loc":{"start":{"line":35,"column":23},"end":{"line":45,"column":1}},"line":35},"1":{"name":"decrypt","decl":{"start":{"line":49,"column":9},"end":{"line":49,"column":16}},"loc":{"start":{"line":49,"column":31},"end":{"line":59,"column":1}},"line":49},"2":{"name":"hashPassword","decl":{"start":{"line":82,"column":9},"end":{"line":82,"column":21}},"loc":{"start":{"line":82,"column":31},"end":{"line":96,"column":1}},"line":82},"3":{"name":"verifyPassword","decl":{"start":{"line":99,"column":9},"end":{"line":99,"column":23}},"loc":{"start":{"line":99,"column":51},"end":{"line":106,"column":1}},"line":99}},"branchMap":{"0":{"loc":{"start":{"line":2,"column":0},"end":{"line":6,"column":1}},"type":"if","locations":[{"start":{"line":2,"column":0},"end":{"line":6,"column":1}},{"start":{"line":4,"column":7},"end":{"line":6,"column":1}}],"line":2}},"s":{"0":1,"1":1,"2":1,"3":0,"4":1,"5":1,"6":1,"7":1,"8":3,"9":3,"10":3,"11":3,"12":3,"13":3,"14":3,"15":3,"16":2,"17":2,"18":6,"19":6,"20":6,"21":6,"22":2,"23":2,"24":2,"25":1},"f":{"0":3,"1":3,"2":6,"3":2},"b":{"0":[1,0]},"_coverageSchema":"1a1c01bbd47fc00a2c39e90264f33305004495a9","hash":"e3d18b7e019a0bd2ed2e0625fb915dee8343c9fc"}
}
